[04-Oct-2024 18:10:10 UTC] PHP Notice:  ob_end_flush(): failed to send buffer of zlib output compression (1) in /home/qkobcfli/domains/sunlandcomputers.com/public_html/reader-theme/wp-includes/functions.php on line 5327
[04-Oct-2024 18:10:10 UTC] PHP Notice:  ob_end_flush(): failed to send buffer of zlib output compression (1) in /home/qkobcfli/domains/sunlandcomputers.com/public_html/reader-theme/wp-includes/functions.php on line 5327
[04-Oct-2024 18:10:10 UTC] PHP Notice:  ob_end_flush(): failed to send buffer of zlib output compression (1) in /home/qkobcfli/domains/sunlandcomputers.com/public_html/reader-theme/wp-includes/functions.php on line 5327
[04-Oct-2024 18:10:10 UTC] PHP Notice:  ob_end_flush(): failed to send buffer of zlib output compression (1) in /home/qkobcfli/domains/sunlandcomputers.com/public_html/reader-theme/wp-includes/functions.php on line 5327
[04-Oct-2024 18:10:13 UTC] PHP Notice:  ob_end_flush(): failed to send buffer of zlib output compression (1) in /home/qkobcfli/domains/sunlandcomputers.com/public_html/reader-theme/wp-includes/functions.php on line 5327
[04-Oct-2024 18:10:13 UTC] PHP Notice:  ob_end_flush(): failed to send buffer of zlib output compression (1) in /home/qkobcfli/domains/sunlandcomputers.com/public_html/reader-theme/wp-includes/functions.php on line 5327
[04-Oct-2024 18:10:13 UTC] PHP Notice:  ob_end_flush(): failed to send buffer of zlib output compression (1) in /home/qkobcfli/domains/sunlandcomputers.com/public_html/reader-theme/wp-includes/functions.php on line 5327
[04-Oct-2024 18:10:13 UTC] PHP Notice:  ob_end_flush(): failed to send buffer of zlib output compression (1) in /home/qkobcfli/domains/sunlandcomputers.com/public_html/reader-theme/wp-includes/functions.php on line 5327
[04-Oct-2024 18:13:28 UTC] PHP Notice:  ob_end_flush(): failed to send buffer of zlib output compression (1) in /home/qkobcfli/domains/sunlandcomputers.com/public_html/reader-theme/wp-includes/functions.php on line 5327
[04-Oct-2024 18:13:28 UTC] PHP Notice:  ob_end_flush(): failed to send buffer of zlib output compression (1) in /home/qkobcfli/domains/sunlandcomputers.com/public_html/reader-theme/wp-includes/functions.php on line 5327
[04-Oct-2024 18:13:28 UTC] PHP Notice:  ob_end_flush(): failed to send buffer of zlib output compression (1) in /home/qkobcfli/domains/sunlandcomputers.com/public_html/reader-theme/wp-includes/functions.php on line 5327
[04-Oct-2024 18:13:28 UTC] PHP Notice:  ob_end_flush(): failed to send buffer of zlib output compression (1) in /home/qkobcfli/domains/sunlandcomputers.com/public_html/reader-theme/wp-includes/functions.php on line 5327
[04-Oct-2024 18:13:42 UTC] PHP Notice:  ob_end_flush(): failed to send buffer of zlib output compression (1) in /home/qkobcfli/domains/sunlandcomputers.com/public_html/reader-theme/wp-includes/functions.php on line 5327
[04-Oct-2024 18:13:42 UTC] PHP Notice:  ob_end_flush(): failed to send buffer of zlib output compression (1) in /home/qkobcfli/domains/sunlandcomputers.com/public_html/reader-theme/wp-includes/functions.php on line 5327
[04-Oct-2024 18:13:42 UTC] PHP Notice:  ob_end_flush(): failed to send buffer of zlib output compression (1) in /home/qkobcfli/domains/sunlandcomputers.com/public_html/reader-theme/wp-includes/functions.php on line 5327
[04-Oct-2024 18:13:42 UTC] PHP Notice:  ob_end_flush(): failed to send buffer of zlib output compression (1) in /home/qkobcfli/domains/sunlandcomputers.com/public_html/reader-theme/wp-includes/functions.php on line 5327
[04-Oct-2024 18:13:46 UTC] PHP Notice:  ob_end_flush(): failed to send buffer of zlib output compression (1) in /home/qkobcfli/domains/sunlandcomputers.com/public_html/reader-theme/wp-includes/functions.php on line 5327
[04-Oct-2024 18:13:46 UTC] PHP Notice:  ob_end_flush(): failed to send buffer of zlib output compression (1) in /home/qkobcfli/domains/sunlandcomputers.com/public_html/reader-theme/wp-includes/functions.php on line 5327
[04-Oct-2024 18:13:50 UTC] PHP Notice:  ob_end_flush(): failed to send buffer of zlib output compression (1) in /home/qkobcfli/domains/sunlandcomputers.com/public_html/reader-theme/wp-includes/functions.php on line 5327
[04-Oct-2024 18:13:50 UTC] PHP Notice:  ob_end_flush(): failed to send buffer of zlib output compression (1) in /home/qkobcfli/domains/sunlandcomputers.com/public_html/reader-theme/wp-includes/functions.php on line 5327
[04-Oct-2024 18:13:53 UTC] PHP Notice:  ob_end_flush(): failed to send buffer of zlib output compression (1) in /home/qkobcfli/domains/sunlandcomputers.com/public_html/reader-theme/wp-includes/functions.php on line 5327
[04-Oct-2024 18:13:53 UTC] PHP Notice:  ob_end_flush(): failed to send buffer of zlib output compression (1) in /home/qkobcfli/domains/sunlandcomputers.com/public_html/reader-theme/wp-includes/functions.php on line 5327
[04-Oct-2024 18:13:54 UTC] PHP Notice:  ob_end_flush(): failed to send buffer of zlib output compression (1) in /home/qkobcfli/domains/sunlandcomputers.com/public_html/reader-theme/wp-includes/functions.php on line 5327
[04-Oct-2024 18:13:54 UTC] PHP Notice:  ob_end_flush(): failed to send buffer of zlib output compression (1) in /home/qkobcfli/domains/sunlandcomputers.com/public_html/reader-theme/wp-includes/functions.php on line 5327
[04-Oct-2024 18:13:57 UTC] PHP Notice:  ob_end_flush(): failed to send buffer of zlib output compression (1) in /home/qkobcfli/domains/sunlandcomputers.com/public_html/reader-theme/wp-includes/functions.php on line 5327
[04-Oct-2024 18:13:57 UTC] PHP Notice:  ob_end_flush(): failed to send buffer of zlib output compression (1) in /home/qkobcfli/domains/sunlandcomputers.com/public_html/reader-theme/wp-includes/functions.php on line 5327
[04-Oct-2024 18:13:57 UTC] PHP Notice:  ob_end_flush(): failed to send buffer of zlib output compression (1) in /home/qkobcfli/domains/sunlandcomputers.com/public_html/reader-theme/wp-includes/functions.php on line 5327
[04-Oct-2024 18:13:57 UTC] PHP Notice:  ob_end_flush(): failed to send buffer of zlib output compression (1) in /home/qkobcfli/domains/sunlandcomputers.com/public_html/reader-theme/wp-includes/functions.php on line 5327
[04-Oct-2024 18:14:00 UTC] PHP Notice:  ob_end_flush(): failed to send buffer of zlib output compression (1) in /home/qkobcfli/domains/sunlandcomputers.com/public_html/reader-theme/wp-includes/functions.php on line 5327
[04-Oct-2024 18:14:00 UTC] PHP Notice:  ob_end_flush(): failed to send buffer of zlib output compression (1) in /home/qkobcfli/domains/sunlandcomputers.com/public_html/reader-theme/wp-includes/functions.php on line 5327
[04-Oct-2024 18:14:01 UTC] PHP Notice:  ob_end_flush(): failed to send buffer of zlib output compression (1) in /home/qkobcfli/domains/sunlandcomputers.com/public_html/reader-theme/wp-includes/functions.php on line 5327
[04-Oct-2024 18:14:01 UTC] PHP Notice:  ob_end_flush(): failed to send buffer of zlib output compression (1) in /home/qkobcfli/domains/sunlandcomputers.com/public_html/reader-theme/wp-includes/functions.php on line 5327
[04-Oct-2024 18:18:33 UTC] PHP Notice:  ob_end_flush(): failed to send buffer of zlib output compression (1) in /home/qkobcfli/domains/sunlandcomputers.com/public_html/reader-theme/wp-includes/functions.php on line 5327
[04-Oct-2024 18:18:33 UTC] PHP Notice:  ob_end_flush(): failed to send buffer of zlib output compression (1) in /home/qkobcfli/domains/sunlandcomputers.com/public_html/reader-theme/wp-includes/functions.php on line 5327
[04-Oct-2024 18:18:34 UTC] PHP Notice:  ob_end_flush(): failed to send buffer of zlib output compression (1) in /home/qkobcfli/domains/sunlandcomputers.com/public_html/reader-theme/wp-includes/functions.php on line 5327
[04-Oct-2024 18:18:34 UTC] PHP Notice:  ob_end_flush(): failed to send buffer of zlib output compression (1) in /home/qkobcfli/domains/sunlandcomputers.com/public_html/reader-theme/wp-includes/functions.php on line 5327
[04-Oct-2024 18:18:34 UTC] PHP Notice:  ob_end_flush(): failed to send buffer of zlib output compression (1) in /home/qkobcfli/domains/sunlandcomputers.com/public_html/reader-theme/wp-includes/functions.php on line 5327
[04-Oct-2024 18:18:34 UTC] PHP Notice:  ob_end_flush(): failed to send buffer of zlib output compression (1) in /home/qkobcfli/domains/sunlandcomputers.com/public_html/reader-theme/wp-includes/functions.php on line 5327
[04-Oct-2024 18:20:16 UTC] PHP Notice:  ob_end_flush(): failed to send buffer of zlib output compression (1) in /home/qkobcfli/domains/sunlandcomputers.com/public_html/reader-theme/wp-includes/functions.php on line 5327
[04-Oct-2024 18:20:16 UTC] PHP Notice:  ob_end_flush(): failed to send buffer of zlib output compression (1) in /home/qkobcfli/domains/sunlandcomputers.com/public_html/reader-theme/wp-includes/functions.php on line 5327
[04-Oct-2024 18:20:17 UTC] PHP Notice:  ob_end_flush(): failed to send buffer of zlib output compression (1) in /home/qkobcfli/domains/sunlandcomputers.com/public_html/reader-theme/wp-includes/functions.php on line 5327
[04-Oct-2024 18:20:17 UTC] PHP Notice:  ob_end_flush(): failed to send buffer of zlib output compression (1) in /home/qkobcfli/domains/sunlandcomputers.com/public_html/reader-theme/wp-includes/functions.php on line 5327
[04-Oct-2024 18:20:52 UTC] PHP Notice:  ob_end_flush(): failed to send buffer of zlib output compression (1) in /home/qkobcfli/domains/sunlandcomputers.com/public_html/reader-theme/wp-includes/functions.php on line 5327
[04-Oct-2024 18:20:52 UTC] PHP Notice:  ob_end_flush(): failed to send buffer of zlib output compression (1) in /home/qkobcfli/domains/sunlandcomputers.com/public_html/reader-theme/wp-includes/functions.php on line 5327
[04-Oct-2024 18:20:53 UTC] PHP Notice:  ob_end_flush(): failed to send buffer of zlib output compression (1) in /home/qkobcfli/domains/sunlandcomputers.com/public_html/reader-theme/wp-includes/functions.php on line 5327
[04-Oct-2024 18:20:53 UTC] PHP Notice:  ob_end_flush(): failed to send buffer of zlib output compression (1) in /home/qkobcfli/domains/sunlandcomputers.com/public_html/reader-theme/wp-includes/functions.php on line 5327
[04-Oct-2024 18:21:23 UTC] PHP Notice:  ob_end_flush(): failed to send buffer of zlib output compression (1) in /home/qkobcfli/domains/sunlandcomputers.com/public_html/reader-theme/wp-includes/functions.php on line 5327
[04-Oct-2024 18:21:23 UTC] PHP Notice:  ob_end_flush(): failed to send buffer of zlib output compression (1) in /home/qkobcfli/domains/sunlandcomputers.com/public_html/reader-theme/wp-includes/functions.php on line 5327
[04-Oct-2024 18:21:23 UTC] PHP Notice:  ob_end_flush(): failed to send buffer of zlib output compression (1) in /home/qkobcfli/domains/sunlandcomputers.com/public_html/reader-theme/wp-includes/functions.php on line 5327
[04-Oct-2024 18:21:23 UTC] PHP Notice:  ob_end_flush(): failed to send buffer of zlib output compression (1) in /home/qkobcfli/domains/sunlandcomputers.com/public_html/reader-theme/wp-includes/functions.php on line 5327
[04-Oct-2024 20:36:45 UTC] PHP Notice:  ob_end_flush(): failed to send buffer of zlib output compression (1) in /home/qkobcfli/domains/sunlandcomputers.com/public_html/reader-theme/wp-includes/functions.php on line 5327
[04-Oct-2024 20:36:45 UTC] PHP Notice:  ob_end_flush(): failed to send buffer of zlib output compression (1) in /home/qkobcfli/domains/sunlandcomputers.com/public_html/reader-theme/wp-includes/functions.php on line 5327
[04-Oct-2024 20:36:45 UTC] PHP Notice:  ob_end_flush(): failed to send buffer of zlib output compression (1) in /home/qkobcfli/domains/sunlandcomputers.com/public_html/reader-theme/wp-includes/functions.php on line 5327
[04-Oct-2024 20:36:45 UTC] PHP Notice:  ob_end_flush(): failed to send buffer of zlib output compression (1) in /home/qkobcfli/domains/sunlandcomputers.com/public_html/reader-theme/wp-includes/functions.php on line 5327
[04-Oct-2024 20:36:49 UTC] PHP Notice:  ob_end_flush(): failed to send buffer of zlib output compression (1) in /home/qkobcfli/domains/sunlandcomputers.com/public_html/reader-theme/wp-includes/functions.php on line 5327
[04-Oct-2024 20:36:49 UTC] PHP Notice:  ob_end_flush(): failed to send buffer of zlib output compression (1) in /home/qkobcfli/domains/sunlandcomputers.com/public_html/reader-theme/wp-includes/functions.php on line 5327
[04-Oct-2024 20:36:49 UTC] PHP Fatal error:  Uncaught Error: Call to undefined function parse_blocks() in /home/qkobcfli/domains/sunlandcomputers.com/public_html/reader-theme/wp-content/plugins/query-monitor/collectors/block_editor.php:145
Stack trace:
#0 /home/qkobcfli/domains/sunlandcomputers.com/public_html/reader-theme/wp-content/plugins/query-monitor/classes/Collectors.php(84): QM_Collector_Block_Editor->process()
#1 /home/qkobcfli/domains/sunlandcomputers.com/public_html/reader-theme/wp-content/plugins/query-monitor/classes/Dispatcher.php(108): QM_Collectors->process()
#2 /home/qkobcfli/domains/sunlandcomputers.com/public_html/reader-theme/wp-content/plugins/query-monitor/dispatchers/Html.php(352): QM_Dispatcher->get_outputters('html')
#3 /home/qkobcfli/domains/sunlandcomputers.com/public_html/reader-theme/wp-content/plugins/query-monitor/dispatchers/Html.php(316): QM_Dispatcher_Html->before_output()
#4 /home/qkobcfli/domains/sunlandcomputers.com/public_html/reader-theme/wp-includes/class-wp-hook.php(308): QM_Dispatcher_Html->dispatch('')
#5 /home in /home/qkobcfli/domains/sunlandcomputers.com/public_html/reader-theme/wp-content/plugins/query-monitor/collectors/block_editor.php on line 145
[04-Oct-2024 20:36:49 UTC] PHP Notice:  ob_end_flush(): failed to send buffer of zlib output compression (1) in /home/qkobcfli/domains/sunlandcomputers.com/public_html/reader-theme/wp-includes/functions.php on line 5327
[04-Oct-2024 20:36:49 UTC] PHP Notice:  ob_end_flush(): failed to send buffer of zlib output compression (1) in /home/qkobcfli/domains/sunlandcomputers.com/public_html/reader-theme/wp-includes/functions.php on line 5327
[04-Oct-2024 20:36:49 UTC] PHP Notice:  ob_end_flush(): failed to send buffer of zlib output compression (1) in /home/qkobcfli/domains/sunlandcomputers.com/public_html/reader-theme/wp-includes/functions.php on line 5327
[04-Oct-2024 20:36:49 UTC] PHP Notice:  ob_end_flush(): failed to send buffer of zlib output compression (1) in /home/qkobcfli/domains/sunlandcomputers.com/public_html/reader-theme/wp-includes/functions.php on line 5327
[04-Oct-2024 20:46:05 UTC] PHP Notice:  ob_end_flush(): failed to send buffer of zlib output compression (1) in /home/qkobcfli/domains/sunlandcomputers.com/public_html/reader-theme/wp-includes/functions.php on line 5327
[04-Oct-2024 20:46:05 UTC] PHP Notice:  ob_end_flush(): failed to send buffer of zlib output compression (1) in /home/qkobcfli/domains/sunlandcomputers.com/public_html/reader-theme/wp-includes/functions.php on line 5327
[04-Oct-2024 20:46:05 UTC] PHP Notice:  ob_end_flush(): failed to send buffer of zlib output compression (1) in /home/qkobcfli/domains/sunlandcomputers.com/public_html/reader-theme/wp-includes/functions.php on line 5327
[04-Oct-2024 20:46:05 UTC] PHP Notice:  ob_end_flush(): failed to send buffer of zlib output compression (1) in /home/qkobcfli/domains/sunlandcomputers.com/public_html/reader-theme/wp-includes/functions.php on line 5327
[04-Oct-2024 20:46:24 UTC] PHP Notice:  ob_end_flush(): failed to send buffer of zlib output compression (1) in /home/qkobcfli/domains/sunlandcomputers.com/public_html/reader-theme/wp-includes/functions.php on line 5327
[04-Oct-2024 20:46:24 UTC] PHP Notice:  ob_end_flush(): failed to send buffer of zlib output compression (1) in /home/qkobcfli/domains/sunlandcomputers.com/public_html/reader-theme/wp-includes/functions.php on line 5327
[04-Oct-2024 20:46:24 UTC] PHP Notice:  ob_end_flush(): failed to send buffer of zlib output compression (1) in /home/qkobcfli/domains/sunlandcomputers.com/public_html/reader-theme/wp-includes/functions.php on line 5327
[04-Oct-2024 20:46:24 UTC] PHP Notice:  ob_end_flush(): failed to send buffer of zlib output compression (1) in /home/qkobcfli/domains/sunlandcomputers.com/public_html/reader-theme/wp-includes/functions.php on line 5327
[04-Oct-2024 20:46:25 UTC] PHP Notice:  ob_end_flush(): failed to send buffer of zlib output compression (1) in /home/qkobcfli/domains/sunlandcomputers.com/public_html/reader-theme/wp-includes/functions.php on line 5327
[04-Oct-2024 20:46:25 UTC] PHP Notice:  ob_end_flush(): failed to send buffer of zlib output compression (1) in /home/qkobcfli/domains/sunlandcomputers.com/public_html/reader-theme/wp-includes/functions.php on line 5327
[04-Oct-2024 20:46:54 UTC] PHP Fatal error:  Uncaught Error: Call to undefined method Updown_Vote\Loader::add_shortcode() in /home/qkobcfli/domains/sunlandcomputers.com/public_html/reader-theme/wp-content/plugins/updown-vote/includes/class-core.php:201
Stack trace:
#0 /home/qkobcfli/domains/sunlandcomputers.com/public_html/reader-theme/wp-content/plugins/updown-vote/includes/class-core.php(90): Updown_Vote\Core->define_admin_hooks()
#1 /home/qkobcfli/domains/sunlandcomputers.com/public_html/reader-theme/wp-content/plugins/updown-vote/updown-vote.php(75): Updown_Vote\Core->__construct()
#2 /home/qkobcfli/domains/sunlandcomputers.com/public_html/reader-theme/wp-content/plugins/updown-vote/updown-vote.php(79): run_updown_vote()
#3 /home/qkobcfli/domains/sunlandcomputers.com/public_html/reader-theme/wp-settings.php(399): include_once('/home/qkobcfli/...')
#4 /home/qkobcfli/domains/sunlandcomputers.com/public_html/reader-theme/wp-config.php(106): require_once('/home/qkobcfli/...')
#5 /home/qkobcfli/domains/sunlandcomputers.com/public_html/reader-theme/wp-loa in /home/qkobcfli/domains/sunlandcomputers.com/public_html/reader-theme/wp-content/plugins/updown-vote/includes/class-core.php on line 201
[04-Oct-2024 20:46:54 UTC] PHP Notice:  Function is_embed was called <strong>incorrectly</strong>. Conditional query tags do not work before the query is run. Before then, they always return false. Please see <a href="https://wordpress.org/documentation/article/debugging-in-wordpress/">Debugging in ClassicPress</a> for more information. (This message was added in version 3.1.0.) in /home/qkobcfli/domains/sunlandcomputers.com/public_html/reader-theme/wp-includes/functions.php on line 5882
[04-Oct-2024 20:46:54 UTC] PHP Notice:  Function is_search was called <strong>incorrectly</strong>. Conditional query tags do not work before the query is run. Before then, they always return false. Please see <a href="https://wordpress.org/documentation/article/debugging-in-wordpress/">Debugging in ClassicPress</a> for more information. (This message was added in version 3.1.0.) in /home/qkobcfli/domains/sunlandcomputers.com/public_html/reader-theme/wp-includes/functions.php on line 5882
[04-Oct-2024 20:47:26 UTC] PHP Fatal error:  Uncaught Error: Call to undefined method Updown_Vote\Loader::add_shortcode() in /home/qkobcfli/domains/sunlandcomputers.com/public_html/reader-theme/wp-content/plugins/updown-vote/includes/class-core.php:201
Stack trace:
#0 /home/qkobcfli/domains/sunlandcomputers.com/public_html/reader-theme/wp-content/plugins/updown-vote/includes/class-core.php(90): Updown_Vote\Core->define_admin_hooks()
#1 /home/qkobcfli/domains/sunlandcomputers.com/public_html/reader-theme/wp-content/plugins/updown-vote/updown-vote.php(75): Updown_Vote\Core->__construct()
#2 /home/qkobcfli/domains/sunlandcomputers.com/public_html/reader-theme/wp-content/plugins/updown-vote/updown-vote.php(79): run_updown_vote()
#3 /home/qkobcfli/domains/sunlandcomputers.com/public_html/reader-theme/wp-settings.php(399): include_once('/home/qkobcfli/...')
#4 /home/qkobcfli/domains/sunlandcomputers.com/public_html/reader-theme/wp-config.php(106): require_once('/home/qkobcfli/...')
#5 /home/qkobcfli/domains/sunlandcomputers.com/public_html/reader-theme/wp-loa in /home/qkobcfli/domains/sunlandcomputers.com/public_html/reader-theme/wp-content/plugins/updown-vote/includes/class-core.php on line 201
[04-Oct-2024 20:49:20 UTC] PHP Fatal error:  Uncaught Error: Call to undefined method Updown_Vote\Loader::add_shortcode() in /home/qkobcfli/domains/sunlandcomputers.com/public_html/reader-theme/wp-content/plugins/updown-vote/includes/class-core.php:201
Stack trace:
#0 /home/qkobcfli/domains/sunlandcomputers.com/public_html/reader-theme/wp-content/plugins/updown-vote/includes/class-core.php(90): Updown_Vote\Core->define_admin_hooks()
#1 /home/qkobcfli/domains/sunlandcomputers.com/public_html/reader-theme/wp-content/plugins/updown-vote/updown-vote.php(75): Updown_Vote\Core->__construct()
#2 /home/qkobcfli/domains/sunlandcomputers.com/public_html/reader-theme/wp-content/plugins/updown-vote/updown-vote.php(79): run_updown_vote()
#3 /home/qkobcfli/domains/sunlandcomputers.com/public_html/reader-theme/wp-settings.php(399): include_once('/home/qkobcfli/...')
#4 /home/qkobcfli/domains/sunlandcomputers.com/public_html/reader-theme/wp-config.php(106): require_once('/home/qkobcfli/...')
#5 /home/qkobcfli/domains/sunlandcomputers.com/public_html/reader-theme/wp-loa in /home/qkobcfli/domains/sunlandcomputers.com/public_html/reader-theme/wp-content/plugins/updown-vote/includes/class-core.php on line 201
[04-Oct-2024 20:49:20 UTC] PHP Notice:  Function is_embed was called <strong>incorrectly</strong>. Conditional query tags do not work before the query is run. Before then, they always return false. Please see <a href="https://wordpress.org/documentation/article/debugging-in-wordpress/">Debugging in ClassicPress</a> for more information. (This message was added in version 3.1.0.) in /home/qkobcfli/domains/sunlandcomputers.com/public_html/reader-theme/wp-includes/functions.php on line 5882
[04-Oct-2024 20:49:20 UTC] PHP Notice:  Function is_search was called <strong>incorrectly</strong>. Conditional query tags do not work before the query is run. Before then, they always return false. Please see <a href="https://wordpress.org/documentation/article/debugging-in-wordpress/">Debugging in ClassicPress</a> for more information. (This message was added in version 3.1.0.) in /home/qkobcfli/domains/sunlandcomputers.com/public_html/reader-theme/wp-includes/functions.php on line 5882
[04-Oct-2024 20:49:26 UTC] PHP Fatal error:  Uncaught Error: Call to undefined method Updown_Vote\Loader::add_shortcode() in /home/qkobcfli/domains/sunlandcomputers.com/public_html/reader-theme/wp-content/plugins/updown-vote/includes/class-core.php:201
Stack trace:
#0 /home/qkobcfli/domains/sunlandcomputers.com/public_html/reader-theme/wp-content/plugins/updown-vote/includes/class-core.php(90): Updown_Vote\Core->define_admin_hooks()
#1 /home/qkobcfli/domains/sunlandcomputers.com/public_html/reader-theme/wp-content/plugins/updown-vote/updown-vote.php(75): Updown_Vote\Core->__construct()
#2 /home/qkobcfli/domains/sunlandcomputers.com/public_html/reader-theme/wp-content/plugins/updown-vote/updown-vote.php(79): run_updown_vote()
#3 /home/qkobcfli/domains/sunlandcomputers.com/public_html/reader-theme/wp-settings.php(399): include_once('/home/qkobcfli/...')
#4 /home/qkobcfli/domains/sunlandcomputers.com/public_html/reader-theme/wp-config.php(106): require_once('/home/qkobcfli/...')
#5 /home/qkobcfli/domains/sunlandcomputers.com/public_html/reader-theme/wp-loa in /home/qkobcfli/domains/sunlandcomputers.com/public_html/reader-theme/wp-content/plugins/updown-vote/includes/class-core.php on line 201
